#TYPE System.Diagnostics.Eventing.Reader.EventLogRecord
"Message","Id","Version","Qualifiers","Level","Task","Opcode","Keywords","RecordId","ProviderName","ProviderId","LogName","ProcessId","ThreadId","MachineName","UserId","TimeCreated","ActivityId","RelatedActivityId","ContainerLog","MatchedQueryIds","Bookmark","LevelDisplayName","OpcodeDisplayName","TaskDisplayName","KeywordsDisplayNames","Properties"
"The system time has changed to ?2018?-?07?-?01T21:52:05.773635400Z from ?2018?-?07?-?01T21:52:05.773644100Z.

Change Reason: An application or system component changed the time.","1","1",,"4","5","0","-9223372036854775792","1239","Microsoft-Windows-Kernel-General","a68ca8b7-004f-d7b6-a698-07e2de0f1f5d","System","15848","20380","Dune","S-1-5-19","7/1/2018 2:52:05 PM",,,"System","System.UInt32[]","System.Diagnostics.Eventing.Reader.EventBookmark","Information","Info",,"System.Collections.ObjectModel.ReadOnlyCollection`1[System.String]","System.Collections.Generic.List`1[System.Diagnostics.Eventing.Reader.EventProperty]"
"The system time has changed to ?2018?-?07?-?01T21:52:05.778648000Z from ?2018?-?07?-?01T21:52:05.778653500Z.

Change Reason: An application or system component changed the time.","1","1",,"4","5","0","-9223372036854775792","1238","Microsoft-Windows-Kernel-General","a68ca8b7-004f-d7b6-a698-07e2de0f1f5d","System","15848","20380","Dune","S-1-5-19","7/1/2018 2:52:05 PM",,,"System","System.UInt32[]","System.Diagnostics.Eventing.Reader.EventBookmark","Information","Info",,"System.Collections.ObjectModel.ReadOnlyCollection`1[System.String]","System.Collections.Generic.List`1[System.Diagnostics.Eventing.Reader.EventProperty]"
"The time service is now synchronizing the system time with the time source time.windows.com,0x9 (ntp.m|0x9|0.0.0.0:123->13.89.190.88:123) with reference id 1488869645. Current local stratum number is 3.","35","0",,"4","0","0","-9223372036854775808","1237","Microsoft-Windows-Time-Service","06edcfeb-0fd0-4e53-acca-a6f8bbf81bcb","System","15848","14860","Dune","S-1-5-19","7/1/2018 2:52:05 PM",,,"System","System.UInt32[]","System.Diagnostics.Eventing.Reader.EventBookmark","Information","Info",,"System.Collections.ObjectModel.ReadOnlyCollection`1[System.String]","System.Collections.Generic.List`1[System.Diagnostics.Eventing.Reader.EventProperty]"
"The system time has changed to ?2018?-?07?-?01T21:52:05.772802000Z from ?2018?-?07?-?01T21:52:08.554610600Z.

Change Reason: An application or system component changed the time.","1","1",,"4","5","0","-9223372036854775792","1236","Microsoft-Windows-Kernel-General","a68ca8b7-004f-d7b6-a698-07e2de0f1f5d","System","15848","20380","Dune","S-1-5-19","7/1/2018 2:52:05 PM",,,"System","System.UInt32[]","System.Diagnostics.Eventing.Reader.EventBookmark","Information","Info",,"System.Collections.ObjectModel.ReadOnlyCollection`1[System.String]","System.Collections.Generic.List`1[System.Diagnostics.Eventing.Reader.EventProperty]"
"The time provider NtpClient is currently receiving valid time data from time.windows.com,0x9 (ntp.m|0x9|0.0.0.0:123->13.89.190.88:123).","37","0",,"4","0","0","-9223372036854775808","1235","Microsoft-Windows-Time-Service","06edcfeb-0fd0-4e53-acca-a6f8bbf81bcb","System","15848","14500","Dune","S-1-5-19","7/1/2018 2:51:54 PM",,,"System","System.UInt32[]","System.Diagnostics.Eventing.Reader.EventBookmark","Information","Info",,"System.Collections.ObjectModel.ReadOnlyCollection`1[System.String]","System.Collections.Generic.List`1[System.Diagnostics.Eventing.Reader.EventProperty]"
"The time provider 'VMICTimeProvider' has indicated that the current hardware and operating environment is not supported and has stopped. This behavior is expected for VMICTimeProvider on non-HyperV-guest environments. This may be the expected behavior for the current provider in the current operating environment as well.","158","0",,"4","0","0","-9223372036854775808","1234","Microsoft-Windows-Time-Service","06edcfeb-0fd0-4e53-acca-a6f8bbf81bcb","System","15848","20608","Dune","S-1-5-19","7/1/2018 2:51:52 PM",,,"System","System.UInt32[]","System.Diagnostics.Eventing.Reader.EventBookmark","Information","Info",,"System.Collections.ObjectModel.ReadOnlyCollection`1[System.String]","System.Collections.Generic.List`1[System.Diagnostics.Eventing.Reader.EventProperty]"
"The system uptime is 1566541 seconds.","6013",,"32768","4","0",,"36028797018963968","1233","EventLog",,"System",,,"Dune",,"7/1/2018 12:00:00 PM",,,"System","System.UInt32[]","System.Diagnostics.Eventing.Reader.EventBookmark","Information",,,"System.Collections.ObjectModel.ReadOnlyCollection`1[System.String]","System.Collections.Generic.List`1[System.Diagnostics.Eventing.Reader.EventProperty]"
"Installation Successful: Windows successfully installed the following update: Definition Update for Windows Defender Antivirus - KB2267602 (Definition 1.271.326.0)","19","1",,"4","1","13","-9223372036854775784","1232","Microsoft-Windows-WindowsUpdateClient","945a8954-c147-4acd-923f-40c45405a658","System","14636","392","Dune","S-1-5-18","7/1/2018 9:11:44 AM",,,"System","System.UInt32[]","System.Diagnostics.Eventing.Reader.EventBookmark","Information","Installation","Windows Update Agent","System.Collections.ObjectModel.ReadOnlyCollection`1[System.String]","System.Collections.Generic.List`1[System.Diagnostics.Eventing.Reader.EventProperty]"
"Installation Started: Windows has started installing the following update: Definition Update for Windows Defender Antivirus - KB2267602 (Definition 1.271.326.0)","43","1",,"4","1","13","-9223372036854767608","1231","Microsoft-Windows-WindowsUpdateClient","945a8954-c147-4acd-923f-40c45405a658","System","14636","392","Dune","S-1-5-18","7/1/2018 9:11:34 AM",,,"System","System.UInt32[]","System.Diagnostics.Eventing.Reader.EventBookmark","Information","Installation","Windows Update Agent","System.Collections.ObjectModel.ReadOnlyCollection`1[System.String]","System.Collections.Generic.List`1[System.Diagnostics.Eventing.Reader.EventProperty]"
"Windows Update started downloading an update.","44","1",,"4","1","12","-9223372036854767612","1230","Microsoft-Windows-WindowsUpdateClient","945a8954-c147-4acd-923f-40c45405a658","System","14636","392","Dune","S-1-5-18","7/1/2018 9:11:34 AM",,,"System","System.UInt32[]","System.Diagnostics.Eventing.Reader.EventBookmark","Information","Download","Windows Update Agent","System.Collections.ObjectModel.ReadOnlyCollection`1[System.String]","System.Collections.Generic.List`1[System.Diagnostics.Eventing.Reader.EventProperty]"
"Hive \SystemRoot\System32\config\DRIVERS was reorganized with a starting size of 5259264 bytes and an ending size of 5267456 bytes.","15","0",,"4","0","0","-9223372036854775808","1229","Microsoft-Windows-Kernel-General","a68ca8b7-004f-d7b6-a698-07e2de0f1f5d","System","4","21104","Dune","S-1-5-18","7/1/2018 4:06:20 AM",,,"System","System.UInt32[]","System.Diagnostics.Eventing.Reader.EventBookmark","Information","Info",,"System.Collections.ObjectModel.ReadOnlyCollection`1[System.String]","System.Collections.Generic.List`1[System.Diagnostics.Eventing.Reader.EventProperty]"
"Installation Successful: Windows successfully installed the following update: Definition Update for Windows Defender Antivirus - KB2267602 (Definition 1.271.322.0)","19","1",,"4","1","13","-9223372036854775784","1228","Microsoft-Windows-WindowsUpdateClient","945a8954-c147-4acd-923f-40c45405a658","System","14636","21904","Dune","S-1-5-18","7/1/2018 3:55:12 AM",,,"System","System.UInt32[]","System.Diagnostics.Eventing.Reader.EventBookmark","Information","Installation","Windows Update Agent","System.Collections.ObjectModel.ReadOnlyCollection`1[System.String]","System.Collections.Generic.List`1[System.Diagnostics.Eventing.Reader.EventProperty]"
"Installation Started: Windows has started installing the following update: Definition Update for Windows Defender Antivirus - KB2267602 (Definition 1.271.322.0)","43","1",,"4","1","13","-9223372036854767608","1227","Microsoft-Windows-WindowsUpdateClient","945a8954-c147-4acd-923f-40c45405a658","System","14636","21904","Dune","S-1-5-18","7/1/2018 3:55:04 AM",,,"System","System.UInt32[]","System.Diagnostics.Eventing.Reader.EventBookmark","Information","Installation","Windows Update Agent","System.Collections.ObjectModel.ReadOnlyCollection`1[System.String]","System.Collections.Generic.List`1[System.Diagnostics.Eventing.Reader.EventProperty]"
"Windows Update started downloading an update.","44","1",,"4","1","12","-9223372036854767612","1226","Microsoft-Windows-WindowsUpdateClient","945a8954-c147-4acd-923f-40c45405a658","System","14636","21904","Dune","S-1-5-18","7/1/2018 3:54:59 AM",,,"System","System.UInt32[]","System.Diagnostics.Eventing.Reader.EventBookmark","Information","Download","Windows Update Agent","System.Collections.ObjectModel.ReadOnlyCollection`1[System.String]","System.Collections.Generic.List`1[System.Diagnostics.Eventing.Reader.EventProperty]"
"The access history in hive \??\C:\ProgramData\Packages\CanonicalGroupLimited.UbuntuonWindows_79rhkp1fndgsc\S-1-5-21-1907903882-1367322118-1909508048-1001\SystemAppData\Helium\Cache\ef7115f82693db14_COM15.dat was cleared updating 1 keys and creating 1 modified pages.","16","0",,"4","0","0","-9223372036854775808","1225","Microsoft-Windows-Kernel-General","a68ca8b7-004f-d7b6-a698-07e2de0f1f5d","System","5216","20204","Dune","S-1-5-18","7/1/2018 12:07:50 AM",,,"System","System.UInt32[]","System.Diagnostics.Eventing.Reader.EventBookmark","Information","Info",,"System.Collections.ObjectModel.ReadOnlyCollection`1[System.String]","System.Collections.Generic.List`1[System.Diagnostics.Eventing.Reader.EventProperty]"
"The access history in hive \??\C:\ProgramData\Packages\CanonicalGroupLimited.UbuntuonWindows_79rhkp1fndgsc\S-1-5-21-1907903882-1367322118-1909508048-1001\SystemAppData\Helium\UserClasses.dat was cleared updating 1 keys and creating 1 modified pages.","16","0",,"4","0","0","-9223372036854775808","1224","Microsoft-Windows-Kernel-General","a68ca8b7-004f-d7b6-a698-07e2de0f1f5d","System","5216","20204","Dune","S-1-5-18","7/1/2018 12:07:50 AM",,,"System","System.UInt32[]","System.Diagnostics.Eventing.Reader.EventBookmark","Information","Info",,"System.Collections.ObjectModel.ReadOnlyCollection`1[System.String]","System.Collections.Generic.List`1[System.Diagnostics.Eventing.Reader.EventProperty]"
"The access history in hive \??\C:\ProgramData\Packages\CanonicalGroupLimited.UbuntuonWindows_79rhkp1fndgsc\S-1-5-21-1907903882-1367322118-1909508048-1001\SystemAppData\Helium\User.dat was cleared updating 1 keys and creating 1 modified pages.","16","0",,"4","0","0","-9223372036854775808","1223","Microsoft-Windows-Kernel-General","a68ca8b7-004f-d7b6-a698-07e2de0f1f5d","System","5216","20204","Dune","S-1-5-18","7/1/2018 12:07:50 AM",,,"System","System.UInt32[]","System.Diagnostics.Eventing.Reader.EventBookmark","Information","Info",,"System.Collections.ObjectModel.ReadOnlyCollection`1[System.String]","System.Collections.Generic.List`1[System.Diagnostics.Eventing.Reader.EventProperty]"
